i:\hucom\224server\dnn_upmix_arma_lsp_fixed-point\sln2013\dnn_upmix_arma_lsp_fixed-point\x64\release\vc120.pdb
i:\hucom\224server\dnn_upmix_arma_lsp_fixed-point\sln2013\dnn_upmix_arma_lsp_fixed-point\x64\release\kiss_fftr.obj
i:\hucom\224server\dnn_upmix_arma_lsp_fixed-point\sln2013\dnn_upmix_arma_lsp_fixed-point\x64\release\kiss_fftndr.obj
i:\hucom\224server\dnn_upmix_arma_lsp_fixed-point\sln2013\dnn_upmix_arma_lsp_fixed-point\x64\release\kiss_fftnd.obj
i:\hucom\224server\dnn_upmix_arma_lsp_fixed-point\sln2013\dnn_upmix_arma_lsp_fixed-point\x64\release\kiss_fft.obj
i:\hucom\224server\dnn_upmix_arma_lsp_fixed-point\sln2013\dnn_upmix_arma_lsp_fixed-point\x64\release\kiss_fastfir.obj
i:\hucom\224server\dnn_upmix_arma_lsp_fixed-point\sln2013\dnn_upmix_arma_lsp_fixed-point\x64\release\kfc.obj
i:\hucom\224server\dnn_upmix_arma_lsp_fixed-point\sln2013\dnn_upmix_arma_lsp_fixed-point\x64\release\utilcp.obj
i:\hucom\224server\dnn_upmix_arma_lsp_fixed-point\sln2013\dnn_upmix_arma_lsp_fixed-point\x64\release\tab_ld8k.obj
i:\hucom\224server\dnn_upmix_arma_lsp_fixed-point\sln2013\dnn_upmix_arma_lsp_fixed-point\x64\release\tabld8cp.obj
i:\hucom\224server\dnn_upmix_arma_lsp_fixed-point\sln2013\dnn_upmix_arma_lsp_fixed-point\x64\release\qua_lspe.obj
i:\hucom\224server\dnn_upmix_arma_lsp_fixed-point\sln2013\dnn_upmix_arma_lsp_fixed-point\x64\release\oper_32b.obj
i:\hucom\224server\dnn_upmix_arma_lsp_fixed-point\sln2013\dnn_upmix_arma_lsp_fixed-point\x64\release\nnet_upmix_test.obj
i:\hucom\224server\dnn_upmix_arma_lsp_fixed-point\sln2013\dnn_upmix_arma_lsp_fixed-point\x64\release\nnet_upmix_feedforward_fixed.obj
i:\hucom\224server\dnn_upmix_arma_lsp_fixed-point\sln2013\dnn_upmix_arma_lsp_fixed-point\x64\release\nnet_upmix_feedforward.obj
i:\hucom\224server\dnn_upmix_arma_lsp_fixed-point\sln2013\dnn_upmix_arma_lsp_fixed-point\x64\release\nnet_upmix_api.obj
i:\hucom\224server\dnn_upmix_arma_lsp_fixed-point\sln2013\dnn_upmix_arma_lsp_fixed-point\x64\release\nnet_upmix.obj
i:\hucom\224server\dnn_upmix_arma_lsp_fixed-point\sln2013\dnn_upmix_arma_lsp_fixed-point\x64\release\lspgetqe.obj
i:\hucom\224server\dnn_upmix_arma_lsp_fixed-point\sln2013\dnn_upmix_arma_lsp_fixed-point\x64\release\lpcfunc.obj
i:\hucom\224server\dnn_upmix_arma_lsp_fixed-point\sln2013\dnn_upmix_arma_lsp_fixed-point\x64\release\lpccp.obj
i:\hucom\224server\dnn_upmix_arma_lsp_fixed-point\sln2013\dnn_upmix_arma_lsp_fixed-point\x64\release\basic_op.obj
i:\hucom\224server\dnn_upmix_arma_lsp_fixed-point\sln2013\dnn_upmix_arma_lsp_fixed-point\x64\release\dnn_upmix_arma_lsp_fixed-point.exe
i:\hucom\224server\dnn_upmix_arma_lsp_fixed-point\sln2013\dnn_upmix_arma_lsp_fixed-point\x64\release\dnn_upmix_arma_lsp_fixed-point.pdb
i:\hucom\224server\dnn_upmix_arma_lsp_fixed-point\sln2013\dnn_upmix_arma_lsp_fixed-point\x64\release\dnn_upmi.96a91578.tlog\cl.command.1.tlog
i:\hucom\224server\dnn_upmix_arma_lsp_fixed-point\sln2013\dnn_upmix_arma_lsp_fixed-point\x64\release\dnn_upmi.96a91578.tlog\cl.read.1.tlog
i:\hucom\224server\dnn_upmix_arma_lsp_fixed-point\sln2013\dnn_upmix_arma_lsp_fixed-point\x64\release\dnn_upmi.96a91578.tlog\cl.write.1.tlog
i:\hucom\224server\dnn_upmix_arma_lsp_fixed-point\sln2013\dnn_upmix_arma_lsp_fixed-point\x64\release\dnn_upmi.96a91578.tlog\link.command.1.tlog
i:\hucom\224server\dnn_upmix_arma_lsp_fixed-point\sln2013\dnn_upmix_arma_lsp_fixed-point\x64\release\dnn_upmi.96a91578.tlog\link.read.1.tlog
i:\hucom\224server\dnn_upmix_arma_lsp_fixed-point\sln2013\dnn_upmix_arma_lsp_fixed-point\x64\release\dnn_upmi.96a91578.tlog\link.write.1.tlog
